Partyholic (frontend)/app/build/intermediates/manifest_merge_blame_file/debug/manifest-merger-blame-debug-report.txt
1<?xml version="1.0" encoding="utf-8"?>
2<manifest xmlns:android="http://schemas.android.com/apk/res/android"
3    package="p.p"
4    android:versionCode="1"
5    android:versionName="1.0" >
6
7    <uses-sdk
8        android:minSdkVersion="16"
8-->src\main\AndroidManifest.xml
9        android:targetSdkVersion="30" />
9-->src\main\AndroidManifest.xml
10
11    <!-- for camera -->
12    <uses-feature
12-->src\main\AndroidManifest.xml:6:5-8:35
13        android:name="android.hardware.camera"
13-->src\main\AndroidManifest.xml:7:9-47
14        android:required="true" />
14-->src\main\AndroidManifest.xml:8:9-32
15
16    <uses-permission android:name="android.permission.ACCESS_COARSE_LOCATION" />
16-->src\main\AndroidManifest.xml:10:5-81
16-->src\main\AndroidManifest.xml:10:22-78
17    <uses-permission android:name="android.permission.ACCESS_FINE_LOCATION" />
17-->src\main\AndroidManifest.xml:11:5-79
17-->src\main\AndroidManifest.xml:11:22-76
18    <uses-permission android:name="android.permission.READ_EXTERNAL_STORAGE" />
18-->src\main\AndroidManifest.xml:12:5-80
18-->src\main\AndroidManifest.xml:12:22-77
19    <uses-permission android:name="android.permission.WRITE_EXTERNAL_STORAGE" />
19-->src\main\AndroidManifest.xml:13:5-81
19-->src\main\AndroidManifest.xml:13:22-78
20    <uses-permission android:name="android.permission.ACCESS_COARSE_LOCATION" />
20-->src\main\AndroidManifest.xml:10:5-81
20-->src\main\AndroidManifest.xml:10:22-78
21    <uses-permission android:name="android.permission.ACCESS_FINE_LOCATION" />
21-->src\main\AndroidManifest.xml:11:5-79
21-->src\main\AndroidManifest.xml:11:22-76
22    <uses-permission android:name="android.permission.INTERNET" />
22-->src\main\AndroidManifest.xml:16:5-67
22-->src\main\AndroidManifest.xml:16:22-64
23
24    <!-- Include required permissions for Google Maps API to run. -->
25    <uses-permission android:name="android.permission.ACCESS_NETWORK_STATE" />
25-->[com.google.android.gms:play-services-maps:17.0.0] AndroidManifest.xml:23:5-79
25-->[com.google.android.gms:play-services-maps:17.0.0] AndroidManifest.xml:23:22-76
26
27    <uses-feature
27-->[com.google.android.gms:play-services-maps:17.0.0] AndroidManifest.xml:26:5-28:35
28        android:glEsVersion="0x00020000"
28-->[com.google.android.gms:play-services-maps:17.0.0] AndroidManifest.xml:27:9-41
29        android:required="true" />
29-->[com.google.android.gms:play-services-maps:17.0.0] AndroidManifest.xml:28:9-32
30
31    <application
31-->src\main\AndroidManifest.xml:18:5-55:19
32        android:allowBackup="true"
32-->src\main\AndroidManifest.xml:19:9-35
33        android:appComponentFactory="androidx.core.app.CoreComponentFactory"
33-->[androidx.core:core:1.3.1] AndroidManifest.xml:24:18-86
34        android:debuggable="true"
35        android:icon="@drawable/logo"
35-->src\main\AndroidManifest.xml:20:9-38
36        android:label="@string/app_name"
36-->src\main\AndroidManifest.xml:21:9-41
37        android:roundIcon="@drawable/circle_cropped"
37-->src\main\AndroidManifest.xml:22:9-53
38        android:supportsRtl="true"
38-->src\main\AndroidManifest.xml:23:9-35
39        android:testOnly="true"
40        android:theme="@style/Theme.partyholicTheme" >
40-->src\main\AndroidManifest.xml:24:9-53
41
42        <!-- This is the main activity class (Java) declared here as "LAUNCHER" which means that it is -->
43        <!-- the first thing to load when the app starts. This declaration is important because without -->
44        <!-- it, the app won't even start. In case we had multiple classes, we would have also declared -->
45        <!-- them, but not as a "LAUNCHER", but rather as "DEFAULT". -->
46        <activity android:name="p.p.MainActivity" >
46-->src\main\AndroidManifest.xml:29:9-35:20
46-->src\main\AndroidManifest.xml:29:19-47
47            <intent-filter>
47-->src\main\AndroidManifest.xml:30:13-34:29
48                <action android:name="android.intent.action.MAIN" />
48-->src\main\AndroidManifest.xml:31:17-69
48-->src\main\AndroidManifest.xml:31:25-66
49                <!--  -->
50                <category android:name="android.intent.category.LAUNCHER" />
50-->src\main\AndroidManifest.xml:33:17-77
50-->src\main\AndroidManifest.xml:33:27-74
51            </intent-filter>
52        </activity>
53        <!-- Based on Google's suggestion, as this is the new way of making a directory -->
54        <!-- # -->
55        <provider
55-->src\main\AndroidManifest.xml:38:9-48:20
56            android:name="androidx.core.content.FileProvider"
56-->src\main\AndroidManifest.xml:39:13-62
57            android:authorities="com.example.android.fileprovider"
57-->src\main\AndroidManifest.xml:40:13-67
58            android:exported="false"
58-->src\main\AndroidManifest.xml:41:13-37
59            android:grantUriPermissions="true" >
59-->src\main\AndroidManifest.xml:42:13-47
60
61            <!-- if using Android Studio, hold Ctrl and left click the file name to see where it is -->
62            <!-- located -->
63            <meta-data
63-->src\main\AndroidManifest.xml:45:13-47:54
64                android:name="android.support.FILE_PROVIDER_PATHS"
64-->src\main\AndroidManifest.xml:46:17-67
65                android:resource="@xml/file_paths" />
65-->src\main\AndroidManifest.xml:47:17-51
66        </provider>
67
68        <meta-data
69            android:name="com.google.android.geo.API_KEY"
69-->src\main\AndroidManifest.xml:51:13-58
70            android:value="AIzaSyBk51EdhyfO7V4XLJblPrmpeUaBnO-CPDM" />
70-->src\main\AndroidManifest.xml:52:13-42
71        <!-- https://stackoverflow.com/questions/6424853/error-inflating-class-fragment: -->
72        <meta-data
72-->src\main\AndroidManifest.xml:54:9-68
73            android:name="com.google.android.gms.version"
73-->src\main\AndroidManifest.xml:54:20-65
74            android:value="@integer/google_play_services_version" />
74-->[com.google.android.gms:play-services-basement:17.3.0] AndroidManifest.xml:25:13-66
75        <!-- Needs to be explicitly declared on P+ -->
76        <uses-library
76-->[com.google.android.gms:play-services-maps:17.0.0] AndroidManifest.xml:33:9-35:40
77            android:name="org.apache.http.legacy"
77-->[com.google.android.gms:play-services-maps:17.0.0] AndroidManifest.xml:34:13-50
78            android:required="false" />
78-->[com.google.android.gms:play-services-maps:17.0.0] AndroidManifest.xml:35:13-37
79
80        <activity
80-->[com.google.android.gms:play-services-base:17.3.0] AndroidManifest.xml:23:9-26:75
81            android:name="com.google.android.gms.common.api.GoogleApiActivity"
81-->[com.google.android.gms:play-services-base:17.3.0] AndroidManifest.xml:24:13-79
82            android:exported="false"
82-->[com.google.android.gms:play-services-base:17.3.0] AndroidManifest.xml:25:13-37
83            android:theme="@android:style/Theme.Translucent.NoTitleBar" />
83-->[com.google.android.gms:play-services-base:17.3.0] AndroidManifest.xml:26:13-72
84    </application>
85
86</manifest>